##################################
######## aacd_prd_POD30 ##########
##################################
#Infrastructure
aacd_prd_POD30$Application Infrastructure Performance|ECOM_aacd_prd|Individual Nodes|*|JVM|Process CPU Burnt (ms/min)
aacd_prd_POD30$Application Infrastructure Performance|ECOM_aacd_prd|Individual Nodes|*|JVM|Threads|Current No. of Threads
aacd_prd_POD30$Application Infrastructure Performance|ECOM_aacd_prd|Individual Nodes|*|JVM|Memory|Heap|Used %
aacd_prd_POD30$Application Infrastructure Performance|ECOM_aacd_prd|Individual Nodes|*|JVM|Memory|Non-Heap|Used %

aacd_prd_POD30$Application Infrastructure Performance|ECOM_aacd_prd|JMX|Web Container Runtime|*|Busy Threads
aacd_prd_POD30$Application Infrastructure Performance|ECOM_aacd_prd|JMX|Web Container Runtime|*|Request Count

aacd_prd_POD30$Application Infrastructure Performance|ECOM_aacd_prd|JVM|Classes|Current Loaded Class Count
aacd_prd_POD30$Application Infrastructure Performance|ECOM_aacd_prd|JVM|Garbage Collection|GC Time Spent Per Min (ms)
aacd_prd_POD30$Application Infrastructure Performance|ECOM_aacd_prd|JVM|Garbage Collection|Memory Pools|CMS Old Gen|Current Usage (MB)
aacd_prd_POD30$Application Infrastructure Performance|ECOM_aacd_prd|JVM|Garbage Collection|Memory Pools|Metaspace|Current Usage (MB)
aacd_prd_POD30$Application Infrastructure Performance|ECOM_aacd_prd|JVM|Memory|Heap|Current Usage (MB)
aacd_prd_POD30$Application Infrastructure Performance|ECOM_aacd_prd|JVM|Memory|Non-Heap|Current Usage (MB)
aacd_prd_POD30$Application Infrastructure Performance|ECOM_aacd_prd|JVM|Threads|Current No. of Threads
aacd_prd_POD30$Application Infrastructure Performance|ECOM_aacd_prd|JVM|Process CPU Usage %

#Backends
aacd_prd_POD30$Backends|Discovered backend call - SVC_AACD1-Oracle DB-CRS08-Oracle Database 11g Enterprise Edition Release 11.2.0.3.0 - 64bit Producti|Average Response Time (ms)
aacd_prd_POD30$Backends|Discovered backend call - SVC_AACD2-Oracle DB-CRS08-Oracle Database 11g Enterprise Edition Release 11.2.0.3.0 - 64bit Producti|Average Response Time (ms)

#Business Transaction
aacd_prd_POD30$Business Transaction Performance|Business Transactions|ECOM_aacd_prd|*|Average Response Time (ms)
aacd_prd_POD30$Business Transaction Performance|Business Transactions|ECOM_aacd_prd|*|Calls per Minute

#Overall Application Performance
aacd_prd_POD30$Overall Application Performance|Average Response Time (ms)
aacd_prd_POD30$Overall Application Performance|Calls per Minute
aacd_prd_POD30$Overall Application Performance|Errors per Minute

aacd_prd_POD30$Overall Application Performance|ECOM_aacd_prd|Individual Nodes|*|Average Response Time (ms)
aacd_prd_POD30$Overall Application Performance|ECOM_aacd_prd|Individual Nodes|*|Errors per Minute
aacd_prd_POD30$Overall Application Performance|ECOM_aacd_prd|Individual Nodes|*|Calls per Minute


##################################
######## aacp_prd_POD53 ##########
##################################
#Infrastructure
aacp_prd_POD53$Application Infrastructure Performance|ECOM_aacp_prd|Individual Nodes|*|JVM|Process CPU Burnt (ms/min)
aacp_prd_POD53$Application Infrastructure Performance|ECOM_aacp_prd|Individual Nodes|*|JVM|Threads|Current No. of Threads
aacp_prd_POD53$Application Infrastructure Performance|ECOM_aacp_prd|Individual Nodes|*|JVM|Memory|Heap|Used %
aacp_prd_POD53$Application Infrastructure Performance|ECOM_aacp_prd|Individual Nodes|*|JVM|Memory|Non-Heap|Used %

aacp_prd_POD53$Application Infrastructure Performance|ECOM_aacp_prd|JMX|Web Container Runtime|*|Busy Threads
aacp_prd_POD53$Application Infrastructure Performance|ECOM_aacp_prd|JMX|Web Container Runtime|*|Request Count

aacp_prd_POD53$Application Infrastructure Performance|ECOM_aacp_prd|JVM|Classes|Current Loaded Class Count
aacp_prd_POD53$Application Infrastructure Performance|ECOM_aacp_prd|JVM|Garbage Collection|GC Time Spent Per Min (ms)
aacp_prd_POD53$Application Infrastructure Performance|ECOM_aacp_prd|JVM|Garbage Collection|Memory Pools|CMS Old Gen|Current Usage (MB)
aacp_prd_POD53$Application Infrastructure Performance|ECOM_aacp_prd|JVM|Garbage Collection|Memory Pools|Metaspace|Current Usage (MB)
aacp_prd_POD53$Application Infrastructure Performance|ECOM_aacp_prd|JVM|Memory|Heap|Current Usage (MB)
aacp_prd_POD53$Application Infrastructure Performance|ECOM_aacp_prd|JVM|Memory|Non-Heap|Current Usage (MB)
aacp_prd_POD53$Application Infrastructure Performance|ECOM_aacp_prd|JVM|Threads|Current No. of Threads
aacp_prd_POD53$Application Infrastructure Performance|ECOM_aacp_prd|JVM|Process CPU Usage %

#Backends
aacp_prd_POD53$Backends|Discovered backend call - SVC_AACP1-Oracle DB-CRS02-Oracle Database 11g Enterprise Edition Release 11.2.0.3.0 - 64bit Producti|Average Response Time (ms)
aacp_prd_POD53$Backends|Discovered backend call - SVC_AACP2-Oracle DB-CRS02-Oracle Database 11g Enterprise Edition Release 11.2.0.3.0 - 64bit Producti|Average Response Time (ms)

#Business Transaction
aacp_prd_POD53$Business Transaction Performance|Business Transactions|ECOM_aacp_prd|*|Average Response Time (ms)
aacp_prd_POD53$Business Transaction Performance|Business Transactions|ECOM_aacp_prd|*|Calls per Minute

#Overall Application Performance
aacp_prd_POD53$Overall Application Performance|Average Response Time (ms)
aacp_prd_POD53$Overall Application Performance|Calls per Minute
aacp_prd_POD53$Overall Application Performance|Errors per Minute

aacp_prd_POD53$Overall Application Performance|ECOM_aacp_prd|Individual Nodes|*|Average Response Time (ms)
aacp_prd_POD53$Overall Application Performance|ECOM_aacp_prd|Individual Nodes|*|Errors per Minute
aacp_prd_POD53$Overall Application Performance|ECOM_aacp_prd|Individual Nodes|*|Calls per Minute